[info] Log at : 2025/10/24|16:23:51|GMT-0400

[info] Log at : 2025/10/24|16:30:25|GMT-0400

[info] Log at : 2025/10/24|17:24:16|GMT-0400

[info] Log at : 2025/10/24|17:37:03|GMT-0400

[info] Log at : 2025/10/30|09:54:18|GMT-0400

[info] Log at : 2025/10/31|13:25:09|GMT-0400

[info] Log at : 2025/10/31|14:59:14|GMT-0400

[info] Log at : 2025/10/31|16:07:08|GMT-0400

[info] Log at : 2025/11/7|15:00:10|GMT-0500

[info] Log at : 2025/11/11|14:53:02|GMT-0500

[info] Log at : 2025/11/13|21:07:18|GMT-0500

[info] Log at : 2025/11/14|09:08:39|GMT-0500

[info] Log at : 2025/11/16|12:25:14|GMT-0500

[info] Log at : 2025/11/16|22:54:33|GMT-0500

[info] Log at : 2025/11/17|00:03:20|GMT-0500

[info] project closed: Template
[info] Log at : 2025/11/17|00:05:45|GMT-0500

<<<<<<< HEAD
[info] Log at : 2025/11/17|13:24:13|GMT-0500

[info] Log at : 2025/11/19|10:34:26|GMT-0500
=======
[info] Log at : 2025/11/19|22:22:23|GMT-0500

[info] Log at : 2025/11/19|22:35:38|GMT-0500
>>>>>>> 7a6c21dd5d9068d238b0de79a6beca6a6a85557a

